2020-03-24 00:49:02,760 - pyswarms.single.global_best - INFO - Optimize for 1000 iters with {'c1': 0.5, 'c2': 0.3, 'w': 0.9}
2020-03-24 00:49:05,135 - pyswarms.single.global_best - INFO - Optimization finished | best cost: 140.75640212961073, best pos: [0.70224668 0.28542794]
2020-03-24 00:49:05,192 - pyswarms.single.global_best - INFO - Optimize for 1000 iters with {'c1': 0.5, 'c2': 0.3, 'w': 0.9}
2020-03-24 00:49:07,562 - pyswarms.single.global_best - INFO - Optimization finished | best cost: 87.60697293604765, best pos: [0.6461711  0.25678489]
2020-03-24 00:49:07,602 - pyswarms.single.global_best - INFO - Optimize for 1000 iters with {'c1': 0.5, 'c2': 0.3, 'w': 0.9}
2020-03-24 00:49:09,748 - pyswarms.single.global_best - INFO - Optimization finished | best cost: 0.41478783085940124, best pos: [0.22942774 0.27717675]
2020-03-24 00:49:09,843 - pyswarms.single.global_best - INFO - Optimize for 1000 iters with {'c1': 0.5, 'c2': 0.3, 'w': 0.9}
2020-03-24 00:49:11,797 - pyswarms.single.global_best - INFO - Optimization finished | best cost: 17.148470880913894, best pos: [1.82314889 0.24357232]
2020-03-24 00:49:11,845 - pyswarms.single.global_best - INFO - Optimize for 1000 iters with {'c1': 0.5, 'c2': 0.3, 'w': 0.9}
2020-03-24 00:49:13,910 - pyswarms.single.global_best - INFO - Optimization finished | best cost: 2.039789914239511, best pos: [0.22655134 0.35724363]
2020-03-24 00:49:13,954 - pyswarms.single.global_best - INFO - Optimize for 1000 iters with {'c1': 0.5, 'c2': 0.3, 'w': 0.9}
2020-03-24 00:49:16,077 - pyswarms.single.global_best - INFO - Optimization finished | best cost: 2.2937415866706092, best pos: [0.2787909  0.34820618]
2020-03-24 00:49:16,114 - pyswarms.single.global_best - INFO - Optimize for 1000 iters with {'c1': 0.5, 'c2': 0.3, 'w': 0.9}
2020-03-24 00:49:18,121 - pyswarms.single.global_best - INFO - Optimization finished | best cost: 0.629383899767123, best pos: [0.1587664  0.43665611]
2020-03-24 00:49:23,684 - Platypus - INFO - NSGAII starting
2020-03-24 00:49:24,790 - Platypus - INFO - NSGAII finished; Total NFE: 1036, Elapsed Time: 0:00:01.106087
2020-03-24 00:49:24,821 - Platypus - INFO - NSGAII starting
2020-03-24 00:49:25,784 - Platypus - INFO - NSGAII finished; Total NFE: 1030, Elapsed Time: 0:00:00.962742
2020-03-24 00:49:25,812 - Platypus - INFO - NSGAII starting
2020-03-24 00:49:26,676 - Platypus - INFO - NSGAII finished; Total NFE: 1054, Elapsed Time: 0:00:00.863834
2020-03-24 00:49:26,703 - Platypus - INFO - NSGAII starting
2020-03-24 00:49:27,572 - Platypus - INFO - NSGAII finished; Total NFE: 1025, Elapsed Time: 0:00:00.868672
2020-03-24 00:49:27,600 - Platypus - INFO - NSGAII starting
2020-03-24 00:49:28,534 - Platypus - INFO - NSGAII finished; Total NFE: 1043, Elapsed Time: 0:00:00.933940
2020-03-24 00:49:28,603 - Platypus - INFO - NSGAII starting
2020-03-24 00:49:29,464 - Platypus - INFO - NSGAII finished; Total NFE: 1034, Elapsed Time: 0:00:00.860830
2020-03-24 00:49:29,492 - Platypus - INFO - NSGAII starting
2020-03-24 00:49:30,301 - Platypus - INFO - NSGAII finished; Total NFE: 1037, Elapsed Time: 0:00:00.808970
2020-03-24 00:50:00,054 - pyswarms.single.global_best - INFO - Optimize for 1000 iters with {'c1': 0.5, 'c2': 0.3, 'w': 0.9}
2020-03-24 00:50:02,376 - pyswarms.single.global_best - INFO - Optimization finished | best cost: 140.75640212961073, best pos: [0.7022467  0.28542794]
2020-03-24 00:50:02,414 - pyswarms.single.global_best - INFO - Optimize for 1000 iters with {'c1': 0.5, 'c2': 0.3, 'w': 0.9}
2020-03-24 00:50:04,427 - pyswarms.single.global_best - INFO - Optimization finished | best cost: 87.60697293604733, best pos: [0.64617106 0.25678489]
2020-03-24 00:50:04,467 - pyswarms.single.global_best - INFO - Optimize for 1000 iters with {'c1': 0.5, 'c2': 0.3, 'w': 0.9}
2020-03-24 00:50:06,431 - pyswarms.single.global_best - INFO - Optimization finished | best cost: 0.41478783085940124, best pos: [0.22942774 0.27717675]
2020-03-24 00:50:06,468 - pyswarms.single.global_best - INFO - Optimize for 1000 iters with {'c1': 0.5, 'c2': 0.3, 'w': 0.9}
2020-03-24 00:50:08,362 - pyswarms.single.global_best - INFO - Optimization finished | best cost: 17.148470880913898, best pos: [1.82314891 0.24357232]
2020-03-24 00:50:08,397 - pyswarms.single.global_best - INFO - Optimize for 1000 iters with {'c1': 0.5, 'c2': 0.3, 'w': 0.9}
2020-03-24 00:50:10,301 - pyswarms.single.global_best - INFO - Optimization finished | best cost: 2.0397899142395137, best pos: [0.22655133 0.35724363]
2020-03-24 00:50:10,347 - pyswarms.single.global_best - INFO - Optimize for 1000 iters with {'c1': 0.5, 'c2': 0.3, 'w': 0.9}
2020-03-24 00:50:12,205 - pyswarms.single.global_best - INFO - Optimization finished | best cost: 2.2937415866706106, best pos: [0.27879087 0.34820618]
2020-03-24 00:50:12,253 - pyswarms.single.global_best - INFO - Optimize for 1000 iters with {'c1': 0.5, 'c2': 0.3, 'w': 0.9}
2020-03-24 00:50:14,148 - pyswarms.single.global_best - INFO - Optimization finished | best cost: 0.6293838997671233, best pos: [0.1587664  0.43665611]
2020-03-24 00:50:24,171 - pyswarms.single.global_best - INFO - Optimize for 1000 iters with {'c1': 0.5, 'c2': 0.3, 'w': 0.9}
2020-03-24 00:50:29,474 - pyswarms.single.global_best - INFO - Optimization finished | best cost: 140.75640212961093, best pos: [0.70224672 0.28542794]
2020-03-24 00:50:29,635 - pyswarms.single.global_best - INFO - Optimize for 1000 iters with {'c1': 0.5, 'c2': 0.3, 'w': 0.9}
2020-03-24 00:50:34,873 - pyswarms.single.global_best - INFO - Optimization finished | best cost: 87.60697293604738, best pos: [0.64617103 0.25678489]
2020-03-24 00:50:35,016 - pyswarms.single.global_best - INFO - Optimize for 1000 iters with {'c1': 0.5, 'c2': 0.3, 'w': 0.9}
2020-03-24 00:50:40,209 - pyswarms.single.global_best - INFO - Optimization finished | best cost: 0.4147878308594013, best pos: [0.22942775 0.27717675]
2020-03-24 00:50:40,334 - pyswarms.single.global_best - INFO - Optimize for 1000 iters with {'c1': 0.5, 'c2': 0.3, 'w': 0.9}
2020-03-24 00:50:44,793 - pyswarms.single.global_best - INFO - Optimization finished | best cost: 17.14847088091391, best pos: [1.82314881 0.24357233]
2020-03-24 00:50:44,943 - pyswarms.single.global_best - INFO - Optimize for 1000 iters with {'c1': 0.5, 'c2': 0.3, 'w': 0.9}
2020-03-24 00:50:49,687 - pyswarms.single.global_best - INFO - Optimization finished | best cost: 2.0397899142395106, best pos: [0.22655133 0.35724363]
2020-03-24 00:50:49,821 - pyswarms.single.global_best - INFO - Optimize for 1000 iters with {'c1': 0.5, 'c2': 0.3, 'w': 0.9}
2020-03-24 00:50:54,201 - pyswarms.single.global_best - INFO - Optimization finished | best cost: 2.2937415866706075, best pos: [0.27879089 0.34820618]
2020-03-24 00:50:54,335 - pyswarms.single.global_best - INFO - Optimize for 1000 iters with {'c1': 0.5, 'c2': 0.3, 'w': 0.9}
2020-03-24 00:50:59,047 - pyswarms.single.global_best - INFO - Optimization finished | best cost: 0.6293838997671228, best pos: [0.15876641 0.4366561 ]
2020-03-24 00:53:52,937 - pyswarms.single.global_best - INFO - Optimize for 1000 iters with {'c1': 0.5, 'c2': 0.3, 'w': 0.9}
2020-03-24 00:54:03,714 - pyswarms.single.global_best - INFO - Optimization finished | best cost: 140.75640212961073, best pos: [0.70224668 0.28542794]
2020-03-24 00:54:03,885 - pyswarms.single.global_best - INFO - Optimize for 1000 iters with {'c1': 0.5, 'c2': 0.3, 'w': 0.9}
2020-03-24 00:54:08,489 - pyswarms.single.global_best - INFO - Optimization finished | best cost: 87.60697293604751, best pos: [0.64617109 0.25678489]
2020-03-24 00:54:08,618 - pyswarms.single.global_best - INFO - Optimize for 1000 iters with {'c1': 0.5, 'c2': 0.3, 'w': 0.9}
2020-03-24 01:02:29,536 - pyswarms.single.global_best - INFO - Optimize for 1000 iters with {'c1': 0.5, 'c2': 0.3, 'w': 0.9}
2020-03-24 01:02:31,585 - pyswarms.single.global_best - INFO - Optimization finished | best cost: 140.75640212961076, best pos: [0.70224669 0.28542794]
2020-03-24 01:02:31,622 - pyswarms.single.global_best - INFO - Optimize for 1000 iters with {'c1': 0.5, 'c2': 0.3, 'w': 0.9}
2020-03-24 01:02:33,631 - pyswarms.single.global_best - INFO - Optimization finished | best cost: 87.60697293604736, best pos: [0.64617107 0.25678489]
2020-03-24 01:02:33,678 - pyswarms.single.global_best - INFO - Optimize for 1000 iters with {'c1': 0.5, 'c2': 0.3, 'w': 0.9}
2020-03-24 01:02:36,160 - pyswarms.single.global_best - INFO - Optimization finished | best cost: 0.4147878308594013, best pos: [0.22942775 0.27717675]
2020-03-24 01:02:36,212 - pyswarms.single.global_best - INFO - Optimize for 1000 iters with {'c1': 0.5, 'c2': 0.3, 'w': 0.9}
2020-03-24 01:02:38,273 - pyswarms.single.global_best - INFO - Optimization finished | best cost: 17.14847088091389, best pos: [1.82314885 0.24357232]
2020-03-24 01:02:38,313 - pyswarms.single.global_best - INFO - Optimize for 1000 iters with {'c1': 0.5, 'c2': 0.3, 'w': 0.9}
2020-03-24 01:02:40,579 - pyswarms.single.global_best - INFO - Optimization finished | best cost: 2.039789914239511, best pos: [0.22655134 0.35724363]
2020-03-24 01:02:40,628 - pyswarms.single.global_best - INFO - Optimize for 1000 iters with {'c1': 0.5, 'c2': 0.3, 'w': 0.9}
2020-03-24 01:02:42,711 - pyswarms.single.global_best - INFO - Optimization finished | best cost: 2.293741586670609, best pos: [0.27879089 0.34820618]
2020-03-24 01:02:42,797 - pyswarms.single.global_best - INFO - Optimize for 1000 iters with {'c1': 0.5, 'c2': 0.3, 'w': 0.9}
2020-03-24 01:02:44,722 - pyswarms.single.global_best - INFO - Optimization finished | best cost: 0.629383899767123, best pos: [0.15876641 0.4366561 ]
2020-03-24 01:03:05,577 - numexpr.utils - INFO - NumExpr defaulting to 4 threads.
2020-03-24 01:03:05,580 - Platypus - INFO - NSGAII starting
2020-03-24 01:03:06,619 - Platypus - INFO - NSGAII finished; Total NFE: 1045, Elapsed Time: 0:00:01.039126
2020-03-24 01:03:06,659 - Platypus - INFO - NSGAII starting
2020-03-24 01:03:07,621 - Platypus - INFO - NSGAII finished; Total NFE: 1044, Elapsed Time: 0:00:00.961372
2020-03-24 01:03:07,649 - Platypus - INFO - NSGAII starting
2020-03-24 01:03:08,581 - Platypus - INFO - NSGAII finished; Total NFE: 1039, Elapsed Time: 0:00:00.931448
2020-03-24 01:03:08,613 - Platypus - INFO - NSGAII starting
2020-03-24 01:03:09,512 - Platypus - INFO - NSGAII finished; Total NFE: 1049, Elapsed Time: 0:00:00.899364
2020-03-24 01:03:09,548 - Platypus - INFO - NSGAII starting
2020-03-24 01:03:10,407 - Platypus - INFO - NSGAII finished; Total NFE: 1023, Elapsed Time: 0:00:00.859601
2020-03-24 01:03:10,436 - Platypus - INFO - NSGAII starting
2020-03-24 01:03:11,359 - Platypus - INFO - NSGAII finished; Total NFE: 1028, Elapsed Time: 0:00:00.923622
2020-03-24 01:03:11,390 - Platypus - INFO - NSGAII starting
2020-03-24 01:03:12,279 - Platypus - INFO - NSGAII finished; Total NFE: 1032, Elapsed Time: 0:00:00.889426
2020-03-24 09:19:25,315 - Platypus - INFO - NSGAII starting
2020-03-24 09:19:26,612 - Platypus - INFO - NSGAII finished; Total NFE: 1040, Elapsed Time: 0:00:01.297415
2020-03-24 09:19:26,655 - Platypus - INFO - NSGAII starting
2020-03-24 09:19:28,029 - Platypus - INFO - NSGAII finished; Total NFE: 1041, Elapsed Time: 0:00:01.373696
2020-03-24 09:19:28,080 - Platypus - INFO - NSGAII starting
2020-03-24 09:19:29,366 - Platypus - INFO - NSGAII finished; Total NFE: 1038, Elapsed Time: 0:00:01.286350
2020-03-24 09:19:29,418 - Platypus - INFO - NSGAII starting
2020-03-24 09:19:30,585 - Platypus - INFO - NSGAII finished; Total NFE: 1048, Elapsed Time: 0:00:01.166621
2020-03-24 09:19:30,619 - Platypus - INFO - NSGAII starting
2020-03-24 09:19:31,778 - Platypus - INFO - NSGAII finished; Total NFE: 1039, Elapsed Time: 0:00:01.158376
2020-03-24 09:19:31,812 - Platypus - INFO - NSGAII starting
2020-03-24 09:19:33,540 - Platypus - INFO - NSGAII finished; Total NFE: 1041, Elapsed Time: 0:00:01.728266
2020-03-24 09:19:33,601 - Platypus - INFO - NSGAII starting
2020-03-24 09:19:34,732 - Platypus - INFO - NSGAII finished; Total NFE: 1033, Elapsed Time: 0:00:01.130923
